<?xml version="1.0" encoding="UTF-8"?>
<testng-results skipped="0" failed="0" total="1" passed="1">
  <reporter-output>
  </reporter-output>
  <suite name="Default suite" duration-ms="82629" started-at="2019-08-05T05:41:07Z" finished-at="2019-08-05T05:42:30Z">
    <groups>
    </groups>
    <test name="Default test" duration-ms="82629" started-at="2019-08-05T05:41:07Z" finished-at="2019-08-05T05:42:30Z">
      <class name="Test_ExcelData.Test_ExcelData.Read_excelData">
        <test-method status="PASS" signature="readData()[pri:0, instance:Test_ExcelData.Test_ExcelData.Read_excelData@1fbc7afb]" name="readData" duration-ms="82607" started-at="2019-08-05T11:11:07Z" finished-at="2019-08-05T11:12:30Z">
          <reporter-output>
          </reporter-output>
        </test-method> <!-- readData -->
      </class> <!-- Test_ExcelData.Test_ExcelData.Read_excelData -->
    </test> <!-- Default test -->
  </suite> <!-- Default suite -->
</testng-results>
